<?xml version="1.0" encoding="UTF-8"?>
<!-- Generated by org.testng.reporters.JUnitReportReporter -->
<testsuite hostname="DESKTOP-AV4AHNK" failures="0" tests="2" name="testCases_for_Single_Token.testCases_for_Multiple_Editions" time="102.474" errors="0" timestamp="2021-06-30T16:58:01 IST" skipped="0">
  <testcase classname="testCases_for_Single_Token.testCases_for_Multiple_Editions" name="Verifylogin_for_Multiple_Editon_Validation" time="25.017"/>
  <system-out/>
  <testcase classname="testCases_for_Single_Token.testCases_for_Multiple_Editions" name="Validate_Dilist_option_for_Multiple_editions" time="77.457"/>
  <system-out/>
</testsuite> <!-- testCases_for_Single_Token.testCases_for_Multiple_Editions -->
