<?xml version="1.0" encoding="UTF-8"?>
<!-- Generated by org.testng.reporters.JUnitReportReporter -->
<testsuite hostname="DESKTOP-AV4AHNK" failures="0" tests="9" name="testCases_for_Single_Token.testCases_for_Multiple_Editions" time="0.003" errors="1" timestamp="2021-06-18T18:14:42 IST" skipped="8">
  <testcase classname="testCases_for_Single_Token.testCases_for_Multiple_Editions" name="OpenBrowser" time="0.003">
    <error message="The driver executable does not exist: C:\NFT_Marketplace\src\test\resources\Browsers\chromedriver.exe" type="java.lang.IllegalStateException">
      <![CDATA[java.lang.IllegalStateException: The driver executable does not exist: C:\NFT_Marketplace\src\test\resources\Browsers\chromedriver.exe
at com.google.common.base.Preconditions.checkState(Preconditions.java:585)
at org.openqa.selenium.remote.service.DriverService.checkExecutable(DriverService.java:146)
at org.openqa.selenium.remote.service.DriverService.findExecutable(DriverService.java:141)
at org.openqa.selenium.chrome.ChromeDriverService.access$000(ChromeDriverService.java:35)
at org.openqa.selenium.chrome.ChromeDriverService$Builder.findDefaultExecutable(ChromeDriverService.java:159)
at org.openqa.selenium.remote.service.DriverService$Builder.build(DriverService.java:355)
at org.openqa.selenium.chrome.ChromeDriverService.createDefaultService(ChromeDriverService.java:94)
at org.openqa.selenium.chrome.ChromeDriver.<init>(ChromeDriver.java:123)
at browserSetup.Pojo.OpenChrome(Pojo.java:22)
at testCases_for_Single_Token.testCases_for_Multiple_Editions.OpenBrowser(testCases_for_Multiple_Editions.java:49)
at java.base/jdk.internal.reflect.NativeMethodAccessorImpl.invoke0(Native Method)
at java.base/jdk.internal.reflect.NativeMethodAccessorImpl.invoke(NativeMethodAccessorImpl.java:64)
at java.base/jdk.internal.reflect.DelegatingMethodAccessorImpl.invoke(DelegatingMethodAccessorImpl.java:43)
at java.base/java.lang.reflect.Method.invoke(Method.java:564)
at org.testng.internal.MethodInvocationHelper.invokeMethod(MethodInvocationHelper.java:132)
at org.testng.internal.MethodInvocationHelper.invokeMethodConsideringTimeout(MethodInvocationHelper.java:61)
at org.testng.internal.ConfigInvoker.invokeConfigurationMethod(ConfigInvoker.java:366)
at org.testng.internal.ConfigInvoker.invokeConfigurations(ConfigInvoker.java:320)
at org.testng.internal.TestMethodWorker.invokeBeforeClassMethods(TestMethodWorker.java:176)
at org.testng.internal.TestMethodWorker.run(TestMethodWorker.java:122)
at java.base/java.util.ArrayList.forEach(ArrayList.java:1511)
at org.testng.TestRunner.privateRun(TestRunner.java:764)
at org.testng.TestRunner.run(TestRunner.java:585)
at org.testng.SuiteRunner.runTest(SuiteRunner.java:384)
at org.testng.SuiteRunner.runSequentially(SuiteRunner.java:378)
at org.testng.SuiteRunner.privateRun(SuiteRunner.java:337)
at org.testng.SuiteRunner.run(SuiteRunner.java:286)
at org.testng.SuiteRunnerWorker.runSuite(SuiteRunnerWorker.java:53)
at org.testng.SuiteRunnerWorker.run(SuiteRunnerWorker.java:96)
at org.testng.TestNG.runSuitesSequentially(TestNG.java:1218)
at org.testng.TestNG.runSuitesLocally(TestNG.java:1140)
at org.testng.TestNG.runSuites(TestNG.java:1069)
at org.testng.TestNG.run(TestNG.java:1037)
at org.testng.remote.AbstractRemoteTestNG.run(AbstractRemoteTestNG.java:115)
at org.testng.remote.RemoteTestNG.initAndRun(RemoteTestNG.java:251)
at org.testng.remote.RemoteTestNG.main(RemoteTestNG.java:77)
]]>
    </error>
  </testcase> <!-- OpenBrowser -->
  <system-out/>
  <testcase classname="testCases_for_Single_Token.testCases_for_Multiple_Editions" name="Verifylogin_for_Multiple_Editon_Validation" time="0.000">
    <skipped/>
  </testcase> <!-- Verifylogin_for_Multiple_Editon_Validation -->
  <system-out/>
  <testcase classname="testCases_for_Single_Token.testCases_for_Multiple_Editions" name="Validate_Token_Minting_for_multiple_Editions" time="0.000">
    <skipped/>
  </testcase> <!-- Validate_Token_Minting_for_multiple_Editions -->
  <system-out/>
  <testcase classname="testCases_for_Single_Token.testCases_for_Multiple_Editions" name="Validate_Success_Massage_for_minted_token" time="0.000">
    <skipped/>
  </testcase> <!-- Validate_Success_Massage_for_minted_token -->
  <system-out/>
  <testcase classname="testCases_for_Single_Token.testCases_for_Multiple_Editions" name="Validate_SellAllEditions_option" time="0.000">
    <skipped/>
  </testcase> <!-- Validate_SellAllEditions_option -->
  <system-out/>
  <testcase classname="testCases_for_Single_Token.testCases_for_Multiple_Editions" name="logout_buyer_account" time="0.000">
    <skipped/>
  </testcase> <!-- logout_buyer_account -->
  <system-out/>
  <testcase classname="testCases_for_Single_Token.testCases_for_Multiple_Editions" name="login_with_other_user" time="0.000">
    <skipped/>
  </testcase> <!-- login_with_other_user -->
  <system-out/>
  <testcase classname="testCases_for_Single_Token.testCases_for_Multiple_Editions" name="Validate_BuyEdition_option" time="0.000">
    <skipped/>
  </testcase> <!-- Validate_BuyEdition_option -->
  <system-out/>
  <testcase classname="testCases_for_Single_Token.testCases_for_Multiple_Editions" name="Validate_Destroy_option" time="0.000">
    <skipped/>
  </testcase> <!-- Validate_Destroy_option -->
  <system-out/>
</testsuite> <!-- testCases_for_Single_Token.testCases_for_Multiple_Editions -->
